<?xml version="1.0" encoding="UTF-8"?>
<!-- Generated by org.testng.reporters.JUnitReportReporter -->
<testsuite hostname="LAPTOP-HS2LUG8R" failures="0" tests="1" name="Action_Class.Red_bus_calnder" time="17.220" errors="0" timestamp="2022-03-04T17:01:48 IST" skipped="0">
  <testcase classname="Action_Class.Red_bus_calnder" name="TC1" time="17.220"/>
  <system-out/>
</testsuite> <!-- Action_Class.Red_bus_calnder -->
