<?xml version="1.0" encoding="UTF-8"?>
<!-- Generated by org.testng.reporters.JUnitReportReporter -->
<testsuite hostname="LAPTOP-HS2LUG8R" failures="0" tests="1" name="Model1_Test.kiteLoginTest" time="0.004" errors="0" timestamp="2022-03-12T08:26:11 IST" skipped="0">
  <testcase classname="Model1_Test.kiteLoginTest" name="verifyID" time="0.004"/>
  <system-out/>
</testsuite> <!-- Model1_Test.kiteLoginTest -->
